<?xml version="1.0" encoding="UTF-8"?>
<testng-results skipped="0" failed="0" ignored="0" total="1" passed="1">
  <reporter-output>
  </reporter-output>
  <suite name="Default suite" duration-ms="24215" started-at="2022-03-31T06:32:22Z" finished-at="2022-03-31T06:32:46Z">
    <groups>
    </groups>
    <test name="Default test" duration-ms="24215" started-at="2022-03-31T06:32:22Z" finished-at="2022-03-31T06:32:46Z">
      <class name="erelego.Testcases">
        <test-method status="PASS" signature="ValidLogin()[pri:0, instance:erelego.Testcases@18be83e4]" name="ValidLogin" duration-ms="24174" started-at="2022-03-31T06:32:22Z" finished-at="2022-03-31T06:32:46Z">
          <reporter-output>
          </reporter-output>
        </test-method> <!-- ValidLogin -->
      </class> <!-- erelego.Testcases -->
    </test> <!-- Default test -->
  </suite> <!-- Default suite -->
</testng-results>
